INFO [2025-06-11 19:40:12] Logger initialized at D:/OneDrive - University of Edinburgh/Code/RHealth/output/20250611-194012/train.log
INFO [2025-06-11 19:40:12] Initialised model on cpu
INFO [2025-06-11 19:40:18] Epoch 1/10 | train loss 0.6436
INFO [2025-06-11 19:40:18] Val scores: pr_auc=0.1370, roc_auc=0.7500, f1=0.1429, accuracy=0.0769, precision=1.0000, recall=0.0769, loss=0.5624
INFO [2025-06-11 19:40:18] New best roc_auc: 0.7500
INFO [2025-06-11 19:40:22] Epoch 2/10 | train loss 0.4882
INFO [2025-06-11 19:40:22] Val scores: pr_auc=0.1074, roc_auc=0.6667, f1=0.1429, accuracy=0.0769, precision=1.0000, recall=0.0769, loss=0.3911
INFO [2025-06-11 19:40:26] Epoch 3/10 | train loss 0.2972
INFO [2025-06-11 19:40:26] Val scores: pr_auc=0.0653, roc_auc=0.5833, f1=0.1429, accuracy=0.0769, precision=1.0000, recall=0.0769, loss=0.1603
INFO [2025-06-11 19:40:28] Epoch 4/10 | train loss 0.0688
INFO [2025-06-11 19:40:28] Val scores: pr_auc=0.0653, roc_auc=0.5833, f1=0.1429, accuracy=0.0769, precision=1.0000, recall=0.0769, loss=0.0031
INFO [2025-06-11 19:40:31] Epoch 5/10 | train loss 0.0014
INFO [2025-06-11 19:40:31] Val scores: pr_auc=0.0685, roc_auc=0.5417, f1=0.1429, accuracy=0.0769, precision=1.0000, recall=0.0769, loss=0.0000
INFO [2025-06-11 19:40:34] Epoch 6/10 | train loss 0.0000
INFO [2025-06-11 19:40:34] Val scores: pr_auc=0.1000, roc_auc=0.6250, f1=0.1429, accuracy=0.0769, precision=1.0000, recall=0.0769, loss=0.0000
INFO [2025-06-11 19:40:38] Epoch 7/10 | train loss 0.0000
INFO [2025-06-11 19:40:38] Val scores: pr_auc=0.0909, roc_auc=0.5833, f1=0.1429, accuracy=0.0769, precision=1.0000, recall=0.0769, loss=0.0000
INFO [2025-06-11 19:40:41] Epoch 8/10 | train loss 0.0000
INFO [2025-06-11 19:40:41] Val scores: pr_auc=0.0909, roc_auc=0.5833, f1=0.1429, accuracy=0.0769, precision=1.0000, recall=0.0769, loss=0.0000
INFO [2025-06-11 19:40:44] Epoch 9/10 | train loss 0.0000
INFO [2025-06-11 19:40:44] Val scores: pr_auc=0.0833, roc_auc=0.5417, f1=0.1429, accuracy=0.0769, precision=1.0000, recall=0.0769, loss=0.0000
INFO [2025-06-11 19:40:47] Epoch 10/10 | train loss 0.0000
INFO [2025-06-11 19:40:47] Val scores: pr_auc=0.0833, roc_auc=0.5417, f1=0.1429, accuracy=0.0769, precision=1.0000, recall=0.0769, loss=0.0000
